<?xml version="1.0" encoding="UTF-8"?>
<testsuite name="Tests" tests="9" skipped="0" failures="0" errors="0" timestamp="2019-07-19T18:27:47" hostname="mm-rakidzichj.local" time="0.084">
  <properties/>
  <testcase name="Coder toString works" classname="Tests" time="0.078"/>
  <testcase name="category spent calculates properly with income" classname="Tests" time="0.0"/>
  <testcase name="budget serializes from string" classname="Tests" time="0.001"/>
  <testcase name="budget remaining calculates properly" classname="Tests" time="0.001"/>
  <testcase name="budget planned calculates properly" classname="Tests" time="0.0"/>
  <testcase name="transaction serializes from string" classname="Tests" time="0.0"/>
  <testcase name="category spent calculates without income" classname="Tests" time="0.001"/>
  <testcase name="category serializes from string" classname="Tests" time="0.0"/>
  <testcase name="budget spent calculates properly" classname="Tests" time="0.001"/>
  <system-out><![CDATA[]]></system-out>
  <system-err><![CDATA[]]></system-err>
</testsuite>
